Array
(
    [college_id] => sdssdsdsd
    [full_name] => proto
    [short_name] => aas
    [save] => 1
)
Array
(
    [college_id] => 12144
    [full_name] => oooooooooooooooooooooooooooooooooooooooooooooooooooooooooooooooooooooooooooooooooooooooooooooooooooooooooooooooooooooooooooooooooooooooooooooooooooooo
    [short_name] => aas
    [save] => 1
)
Array
(
    [college_id] => 911
    [full_name] => College of Black Men
    [short_name] => Cobm
    [save] => 1
)
Array
(
    [college_id] => 1111111
    [full_name] => qwqw
    [short_name] => wqwqwqw
    [save] => 1
)
Array
(
    [college_id] => 911
    [full_name] => proto
    [short_name] => wqw
    [save] => 1
)
Array
(
    [college_id] => 9113
    [full_name] => proto
    [short_name] => wqw
    [save] => 1
)
Array
(
    [college_id] => 1111111
    [full_name] => proto
    [short_name] => BRUH
    [save] => 1
)
Array
(
    [college_id] => 1
    [full_name] => wqwqww
    [short_name] => Coo
    [save] => 1
)
